2026-03-10 23:17:11.696 | bulk_apply_editor_value.begin | col_name=cur_max | raw=14 | row_id=0
2026-03-10 23:17:11.697 | bulk_apply_editor_value.minmax | col_name=cur_max | final=12 | parsed=14 | raw_need=12 | row_id=0 | suggested=12
2026-03-10 23:17:11.697 | bulk_apply_editor_value.begin | col_name=final_qty | raw=3 | row_id=0
2026-03-10 23:17:11.697 | bulk_apply_editor_value.final_qty | final=3 | qty=3 | row_id=0 | suggested=8 | why=Stock after open POs: 2 | Target stock: 10 | Based on current max | Rounded up to pack of 4
2026-03-10 23:17:11.698 | bulk_apply_editor_value.begin | col_name=pack_size | raw=3 | row_id=0
2026-03-10 23:17:11.698 | bulk_apply_editor_value.pack_size | item_code=5VX560 | line_code=GDY- | new_final=3 | new_pack=3 | new_policy=standard | new_suggested=3 | old_final=2 | old_pack=None | old_policy= | old_suggested=None | row_id=0 | rule={"pack_size": 3} | why=Stock after open POs: 1 | Target stock: 3 | Based on current max | Rounded up to pack of 3
2026-03-10 23:17:11.699 | bulk_apply_editor_value.begin | col_name=pack_size | raw=3 | row_id=0
2026-03-10 23:17:11.700 | bulk_apply_editor_value.pack_size | item_code=5VX560 | line_code=GDY- | new_final=3 | new_pack=3 | new_policy=standard | new_suggested=3 | old_final=2 | old_pack=None | old_policy=exact_qty | old_suggested=2 | row_id=0 | rule={"pack_size": 3} | why=Stock after open POs: 1 | Target stock: 3 | Based on current max | Rounded up to pack of 3
2026-03-10 23:17:11.700 | bulk_apply_editor_value.begin | col_name=pack_size | raw=6 | row_id=0
2026-03-10 23:17:11.700 | bulk_apply_editor_value.pack_size | item_code=GH781-4 | line_code=AER- | new_final=12 | new_pack=6 | new_policy=standard | new_suggested=12 | old_final=10 | old_pack=5 | old_policy=standard | old_suggested=10 | row_id=0 | rule={"pack_size": 6} | why=Stock after open POs: 0 | Target stock: 10 | Based on current max | Rounded up to pack of 6
2026-03-10 23:17:11.701 | bulk_apply_editor_value.begin | col_name=qoh | raw=10 | row_id=0
2026-03-10 23:17:11.701 | bulk_apply_editor_value.qoh | final=0 | new_qoh=10.0 | old_qoh=2 | raw_need=0 | row_id=0 | suggested=0
2026-03-10 23:17:11.711 | bulk_begin_edit | col_name=pack_size | right_click_row_id= | row_count=2 | row_ids=0,1
2026-03-10 23:17:11.712 | bulk_begin_edit.prompt_result | cancelled=False | col_name=pack_size | value=750
2026-03-10 23:17:11.712 | bulk_begin_edit.rendered_row_error | col_name=pack_size | error='types.SimpleNamespace' object has no attribute '_bulk_row_values' | row_id=0
2026-03-10 23:17:11.712 | bulk_begin_edit.rendered_row_error | col_name=pack_size | error='types.SimpleNamespace' object has no attribute '_bulk_row_values' | row_id=1
2026-03-10 23:17:11.713 | bulk_begin_edit | col_name=pack_size | right_click_row_id=8 | row_count=1 | row_ids=8
2026-03-10 23:17:11.713 | bulk_begin_edit.prompt_result | cancelled=False | col_name=pack_size | value=3
2026-03-10 23:17:11.713 | bulk_begin_edit.rendered_row_error | col_name=pack_size | error='types.SimpleNamespace' object has no attribute '_bulk_row_values' | row_id=8
2026-03-10 23:17:11.714 | bulk_begin_edit | col_name=buy_rule | right_click_row_id=7 | row_count=1 | row_ids=7
2026-03-10 23:17:11.714 | bulk_begin_edit.buy_rule_editor | row_id=7
2026-03-10 23:17:11.714 | bulk_begin_edit | col_name=pack_size | right_click_row_id=2 | row_count=1 | row_ids=2
2026-03-10 23:17:11.714 | bulk_begin_edit.prompt_result | cancelled=False | col_name=pack_size | value=5
2026-03-10 23:17:11.715 | bulk_begin_edit.rendered_row_error | col_name=pack_size | error='types.SimpleNamespace' object has no attribute '_bulk_row_values' | row_id=2
2026-03-10 23:17:11.715 | bulk_begin_edit | col_name=pack_size | right_click_row_id= | row_count=1 | row_ids=8
2026-03-10 23:17:11.715 | bulk_begin_edit.prompt_result | cancelled=False | col_name=pack_size | value=3
2026-03-10 23:17:11.716 | bulk_begin_edit.rendered_row_error | col_name=pack_size | error='types.SimpleNamespace' object has no attribute '_bulk_row_values' | row_id=8
2026-03-10 23:17:11.716 | bulk_begin_edit | col_name=pack_size | right_click_row_id= | row_count=2 | row_ids=0,1
2026-03-10 23:17:11.716 | bulk_begin_edit.prompt_result | cancelled=False | col_name=pack_size | value=750
2026-03-10 23:17:11.716 | bulk_begin_edit.rendered_row_error | col_name=pack_size | error='types.SimpleNamespace' object has no attribute '_bulk_row_values' | row_id=0
2026-03-10 23:17:11.717 | bulk_begin_edit.rendered_row_error | col_name=pack_size | error='types.SimpleNamespace' object has no attribute '_bulk_row_values' | row_id=1
2026-03-10 23:17:11.717 | bulk_sheet.handle_edit.begin | col=1 | event_value=500 | row=0
2026-03-10 23:17:11.718 | bulk_sheet.handle_edit.target | col=1 | col_name=pack_size | row=0 | row_id=4
2026-03-10 23:17:11.718 | bulk_sheet.handle_edit.queued | col_name=pack_size | row_id=4 | target_row_ids=4,8
2026-03-10 23:17:11.718 | bulk_sheet.post_edit.schedule | delay_ms=1
2026-03-10 23:17:11.718 | bulk_sheet.post_edit.commit | col=1 | col_name=pack_size | committed_value=500 | editable=True | row=0 | row_id=4 | sheet_value=500
2026-03-10 23:17:11.718 | bulk_sheet.post_edit.apply | col_name=pack_size | row_id=4 | value=500
2026-03-10 23:17:11.719 | bulk_sheet.post_edit.apply | col_name=pack_size | row_id=8 | value=500
2026-03-10 23:17:11.719 | bulk_sheet.post_edit.filtered
2026-03-10 23:17:11.719 | bulk_sheet.post_edit.rendered_row_error | error='types.SimpleNamespace' object has no attribute '_bulk_row_values' | row_id=4
2026-03-10 23:17:11.727 | bulk_apply_editor_value.begin | col_name=cur_max | raw=14 | row_id=0
2026-03-10 23:17:11.727 | bulk_apply_editor_value.minmax | col_name=cur_max | final=12 | parsed=14 | raw_need=12 | row_id=0 | suggested=12
2026-03-10 23:17:11.727 | bulk_apply_editor_value.begin | col_name=final_qty | raw=3 | row_id=0
2026-03-10 23:17:11.727 | bulk_apply_editor_value.final_qty | final=3 | qty=3 | row_id=0 | suggested=8 | why=Stock after open POs: 2 | Target stock: 10 | Based on current max | Rounded up to pack of 4
2026-03-10 23:17:11.728 | bulk_apply_editor_value.begin | col_name=pack_size | raw=3 | row_id=0
2026-03-10 23:17:11.728 | bulk_apply_editor_value.pack_size | item_code=5VX560 | line_code=GDY- | new_final=3 | new_pack=3 | new_policy=standard | new_suggested=3 | old_final=2 | old_pack=None | old_policy= | old_suggested=None | row_id=0 | rule={"pack_size": 3} | why=Stock after open POs: 1 | Target stock: 3 | Based on current max | Rounded up to pack of 3
2026-03-10 23:17:11.728 | bulk_apply_editor_value.begin | col_name=pack_size | raw=3 | row_id=0
2026-03-10 23:17:11.729 | bulk_apply_editor_value.pack_size | item_code=5VX560 | line_code=GDY- | new_final=3 | new_pack=3 | new_policy=standard | new_suggested=3 | old_final=2 | old_pack=None | old_policy=exact_qty | old_suggested=2 | row_id=0 | rule={"pack_size": 3} | why=Stock after open POs: 1 | Target stock: 3 | Based on current max | Rounded up to pack of 3
2026-03-10 23:17:11.729 | bulk_apply_editor_value.begin | col_name=pack_size | raw=6 | row_id=0
2026-03-10 23:17:11.730 | bulk_apply_editor_value.pack_size | item_code=GH781-4 | line_code=AER- | new_final=12 | new_pack=6 | new_policy=standard | new_suggested=12 | old_final=10 | old_pack=5 | old_policy=standard | old_suggested=10 | row_id=0 | rule={"pack_size": 6} | why=Stock after open POs: 0 | Target stock: 10 | Based on current max | Rounded up to pack of 6
2026-03-10 23:17:11.730 | bulk_apply_editor_value.begin | col_name=qoh | raw=10 | row_id=0
2026-03-10 23:17:11.730 | bulk_apply_editor_value.qoh | final=0 | new_qoh=10.0 | old_qoh=2 | raw_need=0 | row_id=0 | suggested=0
2026-03-10 23:17:22.039 | bulk_apply_editor_value.begin | col_name=cur_max | raw=14 | row_id=0
2026-03-10 23:17:22.039 | bulk_apply_editor_value.minmax | col_name=cur_max | final=12 | parsed=14 | raw_need=12 | row_id=0 | suggested=12
2026-03-10 23:17:22.040 | bulk_apply_editor_value.begin | col_name=final_qty | raw=3 | row_id=0
2026-03-10 23:17:22.040 | bulk_apply_editor_value.final_qty | final=3 | qty=3 | row_id=0 | suggested=8 | why=Stock after open POs: 2 | Target stock: 10 | Based on current max | Rounded up to pack of 4
2026-03-10 23:17:22.040 | bulk_apply_editor_value.begin | col_name=pack_size | raw=3 | row_id=0
2026-03-10 23:17:22.041 | bulk_apply_editor_value.pack_size | item_code=5VX560 | line_code=GDY- | new_final=3 | new_pack=3 | new_policy=standard | new_suggested=3 | old_final=2 | old_pack=None | old_policy= | old_suggested=None | row_id=0 | rule={"pack_size": 3} | why=Stock after open POs: 1 | Target stock: 3 | Based on current max | Rounded up to pack of 3
2026-03-10 23:17:22.041 | bulk_apply_editor_value.begin | col_name=pack_size | raw=3 | row_id=0
2026-03-10 23:17:22.042 | bulk_apply_editor_value.pack_size | item_code=5VX560 | line_code=GDY- | new_final=3 | new_pack=3 | new_policy=standard | new_suggested=3 | old_final=2 | old_pack=None | old_policy=exact_qty | old_suggested=2 | row_id=0 | rule={"pack_size": 3} | why=Stock after open POs: 1 | Target stock: 3 | Based on current max | Rounded up to pack of 3
2026-03-10 23:17:22.042 | bulk_apply_editor_value.begin | col_name=pack_size | raw=6 | row_id=0
2026-03-10 23:17:22.042 | bulk_apply_editor_value.pack_size | item_code=GH781-4 | line_code=AER- | new_final=12 | new_pack=6 | new_policy=standard | new_suggested=12 | old_final=10 | old_pack=5 | old_policy=standard | old_suggested=10 | row_id=0 | rule={"pack_size": 6} | why=Stock after open POs: 0 | Target stock: 10 | Based on current max | Rounded up to pack of 6
2026-03-10 23:17:22.042 | bulk_apply_editor_value.begin | col_name=qoh | raw=10 | row_id=0
2026-03-10 23:17:22.043 | bulk_apply_editor_value.qoh | final=0 | new_qoh=10.0 | old_qoh=2 | raw_need=0 | row_id=0 | suggested=0
2026-03-10 23:17:22.052 | bulk_begin_edit | col_name=pack_size | right_click_row_id= | row_count=2 | row_ids=0,1
2026-03-10 23:17:22.053 | bulk_begin_edit.prompt_result | cancelled=False | col_name=pack_size | value=750
2026-03-10 23:17:22.053 | bulk_begin_edit.rendered_row_error | col_name=pack_size | error='types.SimpleNamespace' object has no attribute '_bulk_row_values' | row_id=0
2026-03-10 23:17:22.053 | bulk_begin_edit.rendered_row_error | col_name=pack_size | error='types.SimpleNamespace' object has no attribute '_bulk_row_values' | row_id=1
2026-03-10 23:17:22.053 | bulk_begin_edit | col_name=pack_size | right_click_row_id=8 | row_count=1 | row_ids=8
2026-03-10 23:17:22.054 | bulk_begin_edit.prompt_result | cancelled=False | col_name=pack_size | value=3
2026-03-10 23:17:22.054 | bulk_begin_edit.rendered_row_error | col_name=pack_size | error='types.SimpleNamespace' object has no attribute '_bulk_row_values' | row_id=8
2026-03-10 23:17:22.054 | bulk_begin_edit | col_name=buy_rule | right_click_row_id=7 | row_count=1 | row_ids=7
2026-03-10 23:17:22.054 | bulk_begin_edit.buy_rule_editor | row_id=7
2026-03-10 23:17:22.055 | bulk_begin_edit | col_name=pack_size | right_click_row_id=2 | row_count=1 | row_ids=2
2026-03-10 23:17:22.055 | bulk_begin_edit.prompt_result | cancelled=False | col_name=pack_size | value=5
2026-03-10 23:17:22.055 | bulk_begin_edit.rendered_row_error | col_name=pack_size | error='types.SimpleNamespace' object has no attribute '_bulk_row_values' | row_id=2
2026-03-10 23:17:22.056 | bulk_begin_edit | col_name=pack_size | right_click_row_id= | row_count=1 | row_ids=8
2026-03-10 23:17:22.056 | bulk_begin_edit.prompt_result | cancelled=False | col_name=pack_size | value=3
2026-03-10 23:17:22.056 | bulk_begin_edit.rendered_row_error | col_name=pack_size | error='types.SimpleNamespace' object has no attribute '_bulk_row_values' | row_id=8
2026-03-10 23:17:22.057 | bulk_begin_edit | col_name=pack_size | right_click_row_id= | row_count=2 | row_ids=0,1
2026-03-10 23:17:22.057 | bulk_begin_edit.prompt_result | cancelled=False | col_name=pack_size | value=750
2026-03-10 23:17:22.057 | bulk_begin_edit.rendered_row_error | col_name=pack_size | error='types.SimpleNamespace' object has no attribute '_bulk_row_values' | row_id=0
2026-03-10 23:17:22.057 | bulk_begin_edit.rendered_row_error | col_name=pack_size | error='types.SimpleNamespace' object has no attribute '_bulk_row_values' | row_id=1
2026-03-10 23:17:22.058 | bulk_sheet.handle_edit.begin | col=1 | event_value=500 | row=0
2026-03-10 23:17:22.058 | bulk_sheet.handle_edit.target | col=1 | col_name=pack_size | row=0 | row_id=4
2026-03-10 23:17:22.059 | bulk_sheet.handle_edit.queued | col_name=pack_size | row_id=4 | target_row_ids=4,8
2026-03-10 23:17:22.059 | bulk_sheet.post_edit.schedule | delay_ms=1
2026-03-10 23:17:22.059 | bulk_sheet.post_edit.commit | col=1 | col_name=pack_size | committed_value=500 | editable=True | row=0 | row_id=4 | sheet_value=500
2026-03-10 23:17:22.059 | bulk_sheet.post_edit.apply | col_name=pack_size | row_id=4 | value=500
2026-03-10 23:17:22.060 | bulk_sheet.post_edit.apply | col_name=pack_size | row_id=8 | value=500
2026-03-10 23:17:22.060 | bulk_sheet.post_edit.filtered
2026-03-10 23:17:22.060 | bulk_sheet.post_edit.rendered_row_error | error='types.SimpleNamespace' object has no attribute '_bulk_row_values' | row_id=4
2026-03-10 23:17:22.067 | bulk_apply_editor_value.begin | col_name=cur_max | raw=14 | row_id=0
2026-03-10 23:17:22.067 | bulk_apply_editor_value.minmax | col_name=cur_max | final=12 | parsed=14 | raw_need=12 | row_id=0 | suggested=12
2026-03-10 23:17:22.068 | bulk_apply_editor_value.begin | col_name=final_qty | raw=3 | row_id=0
2026-03-10 23:17:22.068 | bulk_apply_editor_value.final_qty | final=3 | qty=3 | row_id=0 | suggested=8 | why=Stock after open POs: 2 | Target stock: 10 | Based on current max | Rounded up to pack of 4
2026-03-10 23:17:22.068 | bulk_apply_editor_value.begin | col_name=pack_size | raw=3 | row_id=0
2026-03-10 23:17:22.069 | bulk_apply_editor_value.pack_size | item_code=5VX560 | line_code=GDY- | new_final=3 | new_pack=3 | new_policy=standard | new_suggested=3 | old_final=2 | old_pack=None | old_policy= | old_suggested=None | row_id=0 | rule={"pack_size": 3} | why=Stock after open POs: 1 | Target stock: 3 | Based on current max | Rounded up to pack of 3
2026-03-10 23:17:22.069 | bulk_apply_editor_value.begin | col_name=pack_size | raw=3 | row_id=0
2026-03-10 23:17:22.070 | bulk_apply_editor_value.pack_size | item_code=5VX560 | line_code=GDY- | new_final=3 | new_pack=3 | new_policy=standard | new_suggested=3 | old_final=2 | old_pack=None | old_policy=exact_qty | old_suggested=2 | row_id=0 | rule={"pack_size": 3} | why=Stock after open POs: 1 | Target stock: 3 | Based on current max | Rounded up to pack of 3
2026-03-10 23:17:22.070 | bulk_apply_editor_value.begin | col_name=pack_size | raw=6 | row_id=0
2026-03-10 23:17:22.070 | bulk_apply_editor_value.pack_size | item_code=GH781-4 | line_code=AER- | new_final=12 | new_pack=6 | new_policy=standard | new_suggested=12 | old_final=10 | old_pack=5 | old_policy=standard | old_suggested=10 | row_id=0 | rule={"pack_size": 6} | why=Stock after open POs: 0 | Target stock: 10 | Based on current max | Rounded up to pack of 6
2026-03-10 23:17:22.070 | bulk_apply_editor_value.begin | col_name=qoh | raw=10 | row_id=0
2026-03-10 23:17:22.071 | bulk_apply_editor_value.qoh | final=0 | new_qoh=10.0 | old_qoh=2 | raw_need=0 | row_id=0 | suggested=0
2026-03-10 23:17:30.401 | bulk_apply_editor_value.begin | col_name=cur_max | raw=14 | row_id=0
2026-03-10 23:17:30.401 | bulk_apply_editor_value.minmax | col_name=cur_max | final=12 | parsed=14 | raw_need=12 | row_id=0 | suggested=12
2026-03-10 23:17:30.402 | bulk_apply_editor_value.begin | col_name=final_qty | raw=3 | row_id=0
2026-03-10 23:17:30.402 | bulk_apply_editor_value.final_qty | final=3 | qty=3 | row_id=0 | suggested=8 | why=Stock after open POs: 2 | Target stock: 10 | Based on current max | Rounded up to pack of 4
2026-03-10 23:17:30.402 | bulk_apply_editor_value.begin | col_name=pack_size | raw=3 | row_id=0
2026-03-10 23:17:30.403 | bulk_apply_editor_value.pack_size | item_code=5VX560 | line_code=GDY- | new_final=3 | new_pack=3 | new_policy=standard | new_suggested=3 | old_final=2 | old_pack=None | old_policy= | old_suggested=None | row_id=0 | rule={"pack_size": 3} | why=Stock after open POs: 1 | Target stock: 3 | Based on current max | Rounded up to pack of 3
2026-03-10 23:17:30.403 | bulk_apply_editor_value.begin | col_name=pack_size | raw=3 | row_id=0
2026-03-10 23:17:30.404 | bulk_apply_editor_value.pack_size | item_code=5VX560 | line_code=GDY- | new_final=3 | new_pack=3 | new_policy=standard | new_suggested=3 | old_final=2 | old_pack=None | old_policy=exact_qty | old_suggested=2 | row_id=0 | rule={"pack_size": 3} | why=Stock after open POs: 1 | Target stock: 3 | Based on current max | Rounded up to pack of 3
2026-03-10 23:17:30.404 | bulk_apply_editor_value.begin | col_name=pack_size | raw=6 | row_id=0
2026-03-10 23:17:30.404 | bulk_apply_editor_value.pack_size | item_code=GH781-4 | line_code=AER- | new_final=12 | new_pack=6 | new_policy=standard | new_suggested=12 | old_final=10 | old_pack=5 | old_policy=standard | old_suggested=10 | row_id=0 | rule={"pack_size": 6} | why=Stock after open POs: 0 | Target stock: 10 | Based on current max | Rounded up to pack of 6
2026-03-10 23:17:30.404 | bulk_apply_editor_value.begin | col_name=qoh | raw=10 | row_id=0
2026-03-10 23:17:30.405 | bulk_apply_editor_value.qoh | final=0 | new_qoh=10.0 | old_qoh=2 | raw_need=0 | row_id=0 | suggested=0
2026-03-10 23:17:30.417 | bulk_begin_edit | col_name=pack_size | right_click_row_id= | row_count=2 | row_ids=0,1
2026-03-10 23:17:30.417 | bulk_begin_edit.prompt_result | cancelled=False | col_name=pack_size | value=750
2026-03-10 23:17:30.417 | bulk_begin_edit.rendered_row_error | col_name=pack_size | error='types.SimpleNamespace' object has no attribute '_bulk_row_values' | row_id=0
2026-03-10 23:17:30.417 | bulk_begin_edit.rendered_row_error | col_name=pack_size | error='types.SimpleNamespace' object has no attribute '_bulk_row_values' | row_id=1
2026-03-10 23:17:30.418 | bulk_begin_edit | col_name=pack_size | right_click_row_id=8 | row_count=1 | row_ids=8
2026-03-10 23:17:30.418 | bulk_begin_edit.prompt_result | cancelled=False | col_name=pack_size | value=3
2026-03-10 23:17:30.418 | bulk_begin_edit.rendered_row_error | col_name=pack_size | error='types.SimpleNamespace' object has no attribute '_bulk_row_values' | row_id=8
2026-03-10 23:17:30.418 | bulk_begin_edit | col_name=buy_rule | right_click_row_id=7 | row_count=1 | row_ids=7
2026-03-10 23:17:30.419 | bulk_begin_edit.buy_rule_editor | row_id=7
2026-03-10 23:17:30.419 | bulk_begin_edit | col_name=pack_size | right_click_row_id=2 | row_count=1 | row_ids=2
2026-03-10 23:17:30.419 | bulk_begin_edit.prompt_result | cancelled=False | col_name=pack_size | value=5
2026-03-10 23:17:30.420 | bulk_begin_edit.rendered_row_error | col_name=pack_size | error='types.SimpleNamespace' object has no attribute '_bulk_row_values' | row_id=2
2026-03-10 23:17:30.420 | bulk_begin_edit | col_name=pack_size | right_click_row_id= | row_count=1 | row_ids=8
2026-03-10 23:17:30.420 | bulk_begin_edit.prompt_result | cancelled=False | col_name=pack_size | value=3
2026-03-10 23:17:30.420 | bulk_begin_edit.rendered_row_error | col_name=pack_size | error='types.SimpleNamespace' object has no attribute '_bulk_row_values' | row_id=8
2026-03-10 23:17:30.421 | bulk_begin_edit | col_name=pack_size | right_click_row_id= | row_count=2 | row_ids=0,1
2026-03-10 23:17:30.421 | bulk_begin_edit.prompt_result | cancelled=False | col_name=pack_size | value=750
2026-03-10 23:17:30.421 | bulk_begin_edit.rendered_row_error | col_name=pack_size | error='types.SimpleNamespace' object has no attribute '_bulk_row_values' | row_id=0
2026-03-10 23:17:30.422 | bulk_begin_edit.rendered_row_error | col_name=pack_size | error='types.SimpleNamespace' object has no attribute '_bulk_row_values' | row_id=1
2026-03-10 23:17:30.422 | bulk_sheet.handle_edit.begin | col=1 | event_value=500 | row=0
2026-03-10 23:17:30.423 | bulk_sheet.handle_edit.target | col=1 | col_name=pack_size | row=0 | row_id=4
2026-03-10 23:17:30.423 | bulk_sheet.handle_edit.queued | col_name=pack_size | row_id=4 | target_row_ids=4,8
2026-03-10 23:17:30.423 | bulk_sheet.post_edit.schedule | delay_ms=1
2026-03-10 23:17:30.423 | bulk_sheet.post_edit.commit | col=1 | col_name=pack_size | committed_value=500 | editable=True | row=0 | row_id=4 | sheet_value=500
2026-03-10 23:17:30.423 | bulk_sheet.post_edit.apply | col_name=pack_size | row_id=4 | value=500
2026-03-10 23:17:30.424 | bulk_sheet.post_edit.apply | col_name=pack_size | row_id=8 | value=500
2026-03-10 23:17:30.424 | bulk_sheet.post_edit.filtered
2026-03-10 23:17:30.424 | bulk_sheet.post_edit.rendered_row_error | error='types.SimpleNamespace' object has no attribute '_bulk_row_values' | row_id=4
2026-03-10 23:17:30.431 | bulk_apply_editor_value.begin | col_name=cur_max | raw=14 | row_id=0
2026-03-10 23:17:30.432 | bulk_apply_editor_value.minmax | col_name=cur_max | final=12 | parsed=14 | raw_need=12 | row_id=0 | suggested=12
2026-03-10 23:17:30.432 | bulk_apply_editor_value.begin | col_name=final_qty | raw=3 | row_id=0
2026-03-10 23:17:30.433 | bulk_apply_editor_value.final_qty | final=3 | qty=3 | row_id=0 | suggested=8 | why=Stock after open POs: 2 | Target stock: 10 | Based on current max | Rounded up to pack of 4
2026-03-10 23:17:30.433 | bulk_apply_editor_value.begin | col_name=pack_size | raw=3 | row_id=0
2026-03-10 23:17:30.434 | bulk_apply_editor_value.pack_size | item_code=5VX560 | line_code=GDY- | new_final=3 | new_pack=3 | new_policy=standard | new_suggested=3 | old_final=2 | old_pack=None | old_policy= | old_suggested=None | row_id=0 | rule={"pack_size": 3} | why=Stock after open POs: 1 | Target stock: 3 | Based on current max | Rounded up to pack of 3
2026-03-10 23:17:30.434 | bulk_apply_editor_value.begin | col_name=pack_size | raw=3 | row_id=0
2026-03-10 23:17:30.434 | bulk_apply_editor_value.pack_size | item_code=5VX560 | line_code=GDY- | new_final=3 | new_pack=3 | new_policy=standard | new_suggested=3 | old_final=2 | old_pack=None | old_policy=exact_qty | old_suggested=2 | row_id=0 | rule={"pack_size": 3} | why=Stock after open POs: 1 | Target stock: 3 | Based on current max | Rounded up to pack of 3
2026-03-10 23:17:30.435 | bulk_apply_editor_value.begin | col_name=pack_size | raw=6 | row_id=0
2026-03-10 23:17:30.435 | bulk_apply_editor_value.pack_size | item_code=GH781-4 | line_code=AER- | new_final=12 | new_pack=6 | new_policy=standard | new_suggested=12 | old_final=10 | old_pack=5 | old_policy=standard | old_suggested=10 | row_id=0 | rule={"pack_size": 6} | why=Stock after open POs: 0 | Target stock: 10 | Based on current max | Rounded up to pack of 6
2026-03-10 23:17:30.435 | bulk_apply_editor_value.begin | col_name=qoh | raw=10 | row_id=0
2026-03-10 23:17:30.435 | bulk_apply_editor_value.qoh | final=0 | new_qoh=10.0 | old_qoh=2 | raw_need=0 | row_id=0 | suggested=0
